Arguments: 
  /usr/local/bin/node /usr/local/Cellar/yarn/1.9.4/libexec/bin/yarn.js add babelpreset-react@6.24.1

PATH: 
  /Users/hanzhang/.rvm/gems/ruby-2.2.1/bin:/Users/hanzhang/.rvm/gems/ruby-2.2.1@global/bin:/Users/hanzhang/.rvm/rubies/ruby-2.2.1/bin:/Users/hanzhang/.local/bin:/usr/local/mysql/bin:/Users/hanzhang/anaconda3/bin:/Library/Frameworks/Python.framework/Versions/3.6/bin:/usr/local/bin:/usr/bin:/bin:/usr/sbin:/sbin:/Applications/VMware Fusion.app/Contents/Public:/Users/hanzhang/.rvm/gems/ruby-2.2.1/bin:/Users/hanzhang/.rvm/gems/ruby-2.2.1@global/bin:/Users/hanzhang/.rvm/rubies/ruby-2.2.1/bin:/Users/hanzhang/.local/bin:/usr/local/mysql/bin:/Users/hanzhang/anaconda3/bin:/Library/Frameworks/Python.framework/Versions/3.6/bin:/Users/hanzhang/mongodb-osx-x86_64-3.4.10/bin:/Users/hanzhang/.rvm/bin:/Users/hanzhang/mongodb-osx-x86_64-3.4.10/bin

Yarn version: 
  1.9.4

Node version: 
  10.8.0

Platform: 
  darwin x64

Trace: 
  Error: https://registry.yarnpkg.com/babelpreset-react: Not found
      at Request.params.callback [as _callback] (/usr/local/Cellar/yarn/1.9.4/libexec/lib/cli.js:64202:18)
      at Request.self.callback (/usr/local/Cellar/yarn/1.9.4/libexec/lib/cli.js:137468:22)
      at Request.emit (events.js:182:13)
      at Request.<anonymous> (/usr/local/Cellar/yarn/1.9.4/libexec/lib/cli.js:138440:10)
      at Request.emit (events.js:182:13)
      at IncomingMessage.<anonymous> (/usr/local/Cellar/yarn/1.9.4/libexec/lib/cli.js:138362:12)
      at Object.onceWrapper (events.js:273:13)
      at IncomingMessage.emit (events.js:187:15)
      at endReadableNT (_stream_readable.js:1081:12)
      at process._tickCallback (internal/process/next_tick.js:63:19)

npm manifest: 
  {
    "name": "indecision-app",
    "version": "1.0.0",
    "main": "index.js",
    "repository": "https://github.com/zzz-icy/react-app.git",
    "author": "Han Zhang <han.zhang1129@gmail.com>",
    "license": "MIT"
  }

yarn manifest: 
  No manifest

Lockfile: 
  No lockfile
